<?xml version="1.0" encoding="UTF-8"?>
<!-- Generated by org.testng.reporters.JUnitReportReporter -->
<testsuite skipped="0" hostname="DESKTOP-LFTF05A" name="com.leafBot.testcases.TC001_CreateLead" tests="1" failures="0" timestamp="11 Aug 2019 10:52:35 GMT" time="44.052" errors="0">
  <testcase name="runCreateLead" time="44.052" classname="com.leafBot.testcases.TC001_CreateLead"/>
</testsuite> <!-- com.leafBot.testcases.TC001_CreateLead -->
